<?xml version="1.0" encoding="UTF-8"?>
<!-- Generated by org.testng.reporters.JUnitXMLReporter -->
<testsuite ignored="3" hostname="LAPTOP-1BN0T86K" failures="0" tests="0" time="0.018" errors="0" timestamp="2023-10-29T23:15:45 IST">
  <testcase classname="testcases.HomePageTest" name="verifyTitle" time="0.0">
    <ignored/>
  </testcase> <!-- verifyTitle -->
  <testcase classname="testcases.HomePageTest" name="btnmenu" time="0.0">
    <ignored/>
  </testcase> <!-- btnmenu -->
  <testcase classname="testcases.HomePageTest" name="btnClick" time="0.0">
    <ignored/>
  </testcase> <!-- btnClick -->
</testsuite>
