<?xml version="1.0" encoding="UTF-8"?>
<!-- Generated by org.testng.reporters.JUnitXMLReporter -->
<testsuite ignored="2" hostname="LAPTOP-1BN0T86K" failures="1" tests="1" name="Default test(failed)" time="7.457" errors="0" timestamp="2023-10-26T22:57:33 IST">
  <testcase classname="testcases.HomePageTest" name="verifyTitle" time="0.026">
    <failure type="java.lang.AssertionError" message="expected [#1 Free CRM Power Up your Entire Business Free Forever1] but found [#1 Free CRM Power Up your Entire Business Free Forever]">
      <![CDATA[java.lang.AssertionError: expected [#1 Free CRM Power Up your Entire Business Free Forever1] but found [#1 Free CRM Power Up your Entire Business Free Forever]
at testcases.HomePageTest.verifyTitle(HomePageTest.java:55)
at java.base/java.util.ArrayList.forEach(ArrayList.java:1511)
... Removed 33 stack frames]]>
    </failure>
  </testcase> <!-- verifyTitle -->
  <testcase classname="testcases.HomePageTest" name="btnmenu" time="0.0">
    <ignored/>
  </testcase> <!-- btnmenu -->
  <testcase classname="testcases.HomePageTest" name="btnClick" time="0.0">
    <ignored/>
  </testcase> <!-- btnClick -->
</testsuite> <!-- Default test(failed) -->
