<?xml version="1.0" encoding="UTF-8"?>
<!-- Generated by org.testng.reporters.JUnitXMLReporter -->
<testsuite ignored="2" hostname="LAPTOP-1BN0T86K" failures="0" tests="1" name="Default test(failed)(failed)" time="7.297" errors="0" timestamp="2023-10-26T22:58:34 IST">
  <testcase classname="testcases.HomePageTest" name="verifyTitle" time="0.017"/>
  <testcase classname="testcases.HomePageTest" name="btnmenu" time="0.0">
    <ignored/>
  </testcase> <!-- btnmenu -->
  <testcase classname="testcases.HomePageTest" name="btnClick" time="0.0">
    <ignored/>
  </testcase> <!-- btnClick -->
</testsuite> <!-- Default test(failed)(failed) -->
