<?xml version="1.0" encoding="UTF-8"?>
<!-- Generated by org.testng.reporters.JUnitXMLReporter -->
<testsuite ignored="0" hostname="LAPTOP-1BN0T86K" failures="0" tests="3" name="Test2" time="0.065" errors="0" timestamp="2023-10-28T22:35:31 IST">
  <testcase classname="testcases.HomePageTest" name="btnClick" time="0.0">
    <skipped/>
  </testcase> <!-- btnClick -->
  <testcase classname="testcases.HomePageTest" name="btnmenu" time="0.001">
    <skipped/>
  </testcase> <!-- btnmenu -->
  <testcase classname="testcases.HomePageTest" name="verifyTitle" time="0.0">
    <skipped/>
  </testcase> <!-- verifyTitle -->
</testsuite> <!-- Test2 -->
